INFO:root:Server Online - 2013-09-07 22:26
INFO:root:User andre Conected
INFO:root:opened file: Back In Black
INFO:root:playing a song
INFO:root:end playing a song
INFO:root:ivalid Command
INFO:root:ivalid Command
INFO:root:ivalid Command
INFO:root:ivalid Command
INFO:root:ivalid Command
INFO:root:ivalid Command
INFO:root:ivalid Command
INFO:root:ivalid Command
INFO:root:ivalid Command
INFO:root:ivalid Command
INFO:root:ivalid Command
INFO:root:ivalid Command
INFO:root:ivalid Command
INFO:root:ivalid Command
INFO:root:ivalid Command
INFO:root:ivalid Command
INFO:root:ivalid Command
INFO:root:ivalid Command
INFO:root:ivalid Command
INFO:root:ivalid Command
INFO:root:ivalid Command
INFO:root:ivalid Command
INFO:root:ivalid Command
INFO:root:ivalid Command
INFO:root:ivalid Command
INFO:root:ivalid Command
INFO:root:ivalid Command
INFO:root:ivalid Command
INFO:root:ivalid Command
INFO:root:ivalid Command
INFO:root:ivalid Command
INFO:root:ivalid Command
INFO:root:ivalid Command
INFO:root:ivalid Command
INFO:root:ivalid Command
INFO:root:ivalid Command
INFO:root:ivalid Command
INFO:root:ivalid Command
INFO:root:ivalid Command
INFO:root:ivalid Command
INFO:root:ivalid Command
INFO:root:ivalid Command
INFO:root:ivalid Command
INFO:root:ivalid Command
INFO:root:ivalid Command
INFO:root:ivalid Command
INFO:root:ivalid Command
INFO:root:ivalid Command
INFO:root:ivalid Command
INFO:root:ivalid Command
INFO:root:ivalid Command
INFO:root:ivalid Command
INFO:root:ivalid Command
INFO:root:ivalid Command
INFO:root:ivalid Command
INFO:root:ivalid Command
INFO:root:ivalid Command
INFO:root:ivalid Command
INFO:root:ivalid Command
INFO:root:ivalid Command
INFO:root:ivalid Command
INFO:root:ivalid Command
INFO:root:ivalid Command
INFO:root:ivalid Command
INFO:root:ivalid Command
INFO:root:ivalid Command
INFO:root:ivalid Command
INFO:root:ivalid Command
INFO:root:ivalid Command
INFO:root:ivalid Command
INFO:root:ivalid Command
INFO:root:ivalid Command
INFO:root:ivalid Command
INFO:root:ivalid Command
INFO:root:ivalid Command
INFO:root:ivalid Command
INFO:root:ivalid Command
INFO:root:ivalid Command
INFO:root:ivalid Command
INFO:root:ivalid Command
INFO:root:ivalid Command
INFO:root:ivalid Command
INFO:root:ivalid Command
INFO:root:ivalid Command
INFO:root:ivalid Command
INFO:root:ivalid Command
INFO:root:ivalid Command
INFO:root:ivalid Command
INFO:root:ivalid Command
INFO:root:ivalid Command
INFO:root:ivalid Command
INFO:root:ivalid Command
INFO:root:ivalid Command
INFO:root:ivalid Command
INFO:root:ivalid Command
INFO:root:ivalid Command
INFO:root:ivalid Command
INFO:root:ivalid Command
INFO:root:ivalid Command
INFO:root:ivalid Command
INFO:root:ivalid Command
INFO:root:ivalid Command
INFO:root:ivalid Command
INFO:root:ivalid Command
INFO:root:ivalid Command
INFO:root:ivalid Command
INFO:root:ivalid Command
INFO:root:ivalid Command
INFO:root:ivalid Command
INFO:root:ivalid Command
INFO:root:ivalid Command
INFO:root:ivalid Command
INFO:root:ivalid Command
INFO:root:ivalid Command
INFO:root:ivalid Command
INFO:root:ivalid Command
INFO:root:ivalid Command
INFO:root:ivalid Command
INFO:root:ivalid Command
INFO:root:ivalid Command
INFO:root:ivalid Command
INFO:root:ivalid Command
INFO:root:ivalid Command
INFO:root:ivalid Command
INFO:root:ivalid Command
INFO:root:ivalid Command
INFO:root:ivalid Command
INFO:root:Server Online - 2013-09-07 22:27
INFO:root:Login error - User: ÿôÿý Password: as
INFO:root:Server Online - 2013-09-07 22:27
INFO:root:User andre Conected
INFO:root:ivalid Command
INFO:root:ivalid Command
INFO:root:Server Online - 2013-09-07 22:28
INFO:root:User andre Conected
INFO:root:ivalid Command
INFO:root:ivalid Command
INFO:root:Server Online - 2013-09-07 22:32
INFO:root:User andre Conected
INFO:root:ivalid Command
INFO:root:ivalid Command
INFO:root:Server Online - 2013-09-07 22:34
INFO:root:User andre Conected
INFO:root:listing files
INFO:root:opened file: Back In Black
INFO:root:playing a song
INFO:root:end playing a song
INFO:root:listing files
INFO:root:ivalid Command
INFO:root:Server Online - 2013-09-07 22:40
INFO:root:User andre Conected
INFO:root:ivalid Command
INFO:root:ivalid Command
INFO:root:Server Online - 2013-09-07 22:41
INFO:root:User andre Conected
INFO:root:ivalid Command
INFO:root:ivalid Command
INFO:root:Server Online - 2013-09-07 22:41
INFO:root:User andre Conected
INFO:root:opened file: Back In Black
INFO:root:playing a song
INFO:root:Server Online - 2013-09-07 22:42
INFO:root:User andre Conected
INFO:root:opened file: Back In Black
INFO:root:playing a song
INFO:root:end playing a song
INFO:root:ivalid Command
INFO:root:Server Online - 2013-09-07 22:49
INFO:root:User andre Conected
INFO:root:ivalid Command
INFO:root:Server Online - 2013-09-07 22:51
INFO:root:User andre Conected
INFO:root:ivalid Command
INFO:root:ivalid Command
INFO:root:Server Online - 2013-09-07 22:52
INFO:root:User andre Conected
INFO:root:ivalid Command
INFO:root:ivalid Command
INFO:root:Server Online - 2013-09-07 22:53
INFO:root:User andre Conected
INFO:root:ivalid Command
INFO:root:ivalid Command
INFO:root:Server Online - 2013-09-07 22:53
INFO:root:User andre Conected
INFO:root:opened file: Back In Black
INFO:root:playing a song
INFO:root:end playing a song
INFO:root:ivalid Command
INFO:root:Server Online - 2013-09-07 22:54
INFO:root:User andre Conected
INFO:root:ivalid Command
INFO:root:ivalid Command
INFO:root:Server Online - 2013-09-07 22:55
INFO:root:Server Online - 2013-09-07 22:55
INFO:root:Login error - User: andre Password: adnre
INFO:root:Server Online - 2013-09-07 22:55
INFO:root:Login error - User: andre Password: adnre
INFO:root:Server Online - 2013-09-07 22:55
INFO:root:Login error - User: andre Password: adrne
INFO:root:Server Online - 2013-09-07 22:55
INFO:root:Login error - User: andre Password: adnre
INFO:root:Server Online - 2013-09-07 22:55
INFO:root:User andre Conected
INFO:root:listing files
INFO:root:Server Online - 2013-09-07 23:31
INFO:root:User andre Conected
INFO:root:opened file: Back In Black
INFO:root:playing a song
INFO:root:end playing a song
INFO:root:ivalid Command
INFO:root:Server Online - 2013-09-07 23:59
INFO:root:Login error - User: exi Password: e
INFO:root:Server Online - 2013-09-08 01:06
INFO:root:User andre Conected
INFO:root:Server Online - 2013-09-08 01:06
INFO:root:Login error - User: andraaae Password: andre
INFO:root:Server Online - 2013-09-08 01:06
INFO:root:Login error - User: andraaae Password: andre
INFO:root:Server Online - 2013-09-08 01:06
INFO:root:Login error - User: andraaae Password: andre
INFO:root:Server Online - 2013-09-08 01:06
INFO:root:Login error - User: andraaae Password: andre
INFO:root:Server Online - 2013-09-08 01:06
INFO:root:Login error - User: andraaae Password: andre
INFO:root:Server Online - 2013-09-08 01:06
INFO:root:User andre Conected
INFO:root:Server Online - 2013-09-08 01:06
INFO:root:User andre Conected
INFO:root:Server Online - 2013-09-08 01:06
INFO:root:User andre Conected
INFO:root:Server Online - 2013-09-08 01:06
INFO:root:User andre Conected
INFO:root:Server Online - 2013-09-08 01:06
INFO:root:User andre Conected
INFO:root:Server Online - 2013-09-08 01:06
INFO:root:User andre Conected
INFO:root:Server Online - 2013-09-08 01:06
INFO:root:User andre Conected
INFO:root:Server Online - 2013-09-08 01:06
INFO:root:User andre Conected
INFO:root:Server Online - 2013-09-08 09:01
INFO:root:User andre Conected
INFO:root:listing files
INFO:root:Server Online - 2013-09-08 09:02
INFO:root:User andre Conected
INFO:root:listing files
INFO:root:Server Online - 2013-09-08 09:03
INFO:root:User andre Conected
INFO:root:listing files
INFO:root:Server Online - 2013-09-08 09:06
INFO:root:User andre Conected
INFO:root:listing files
INFO:root:ivalid Command
INFO:root:Server Online - 2013-09-08 09:08
INFO:root:Login error - User: ÿôÿýÿíÿýÿôÿý Password: 
INFO:root:Server Online - 2013-09-08 09:09
INFO:root:Login error - User: q Password: q
INFO:root:Server Online - 2013-09-08 09:09
INFO:root:User andre Conected
INFO:root:listing files
INFO:root:Server Online - 2013-09-08 09:09
INFO:root:User andre Conected
INFO:root:listing files
INFO:root:Server Online - 2013-09-08 09:10
INFO:root:User andre Conected
INFO:root:listing files
INFO:root:Server Online - 2013-09-08 09:10
INFO:root:User andre Conected
INFO:root:listing files
INFO:root:Server Online - 2013-09-08 09:10
INFO:root:User andre Conected
INFO:root:listing files
INFO:root:Server Online - 2013-09-08 09:10
INFO:root:User andre Conected
INFO:root:listing files
INFO:root:ivalid Command
INFO:root:Server Online - 2013-09-08 09:10
INFO:root:User andre Conected
INFO:root:listing files
INFO:root:Server Online - 2013-09-08 09:10
INFO:root:User andre Conected
INFO:root:listing files
INFO:root:Server Online - 2013-09-08 09:10
INFO:root:User andre Conected
INFO:root:listing files
INFO:root:Server Online - 2013-09-08 09:10
INFO:root:User andre Conected
INFO:root:listing files
INFO:root:Server Online - 2013-09-08 09:10
INFO:root:User andre Conected
INFO:root:listing files
INFO:root:Server Online - 2013-09-08 09:13
INFO:root:User andre Conected
INFO:root:listing files
INFO:root:ivalid Command
INFO:root:Server Online - 2013-09-08 09:14
INFO:root:User andre Conected
INFO:root:listing files
INFO:root:ivalid Command
INFO:root:Server Online - 2013-09-08 09:17
INFO:root:User andre Conected
INFO:root:listing files
INFO:root:ivalid Command
INFO:root:Server Online - 2013-09-08 09:18
INFO:root:User andre Conected
INFO:root:listing files
INFO:root:ivalid Command
INFO:root:Server Online - 2013-09-08 09:18
INFO:root:User andre Conected
INFO:root:listing files
INFO:root:ivalid Command
INFO:root:Server Online - 2013-09-08 09:18
INFO:root:User andre Conected
INFO:root:listing files
INFO:root:ivalid Command
INFO:root:Server Online - 2013-09-08 09:18
INFO:root:User andre Conected
INFO:root:listing files
INFO:root:ivalid Command
INFO:root:Server Online - 2013-09-08 09:19
INFO:root:User andre Conected
INFO:root:listing files
INFO:root:ivalid Command
INFO:root:Server Online - 2013-09-08 09:34
INFO:root:User andre Conected
INFO:root:listing files
INFO:root:ivalid Command
INFO:root:Server Online - 2013-09-08 09:35
INFO:root:User andre Conected
INFO:root:listing files
INFO:root:ivalid Command
INFO:root:Server Online - 2013-09-08 09:36
INFO:root:User andre Conected
INFO:root:listing files
INFO:root:ivalid Command
INFO:root:Server Online - 2013-09-08 09:37
INFO:root:User andre Conected
INFO:root:listing files
INFO:root:ivalid Command
INFO:root:Server Online - 2013-09-08 09:37
INFO:root:User andre Conected
INFO:root:listing files
INFO:root:ivalid Command
INFO:root:Server Online - 2013-09-08 09:41
INFO:root:User andre Conected
INFO:root:listing files
INFO:root:ivalid Command
INFO:root:Server Online - 2013-09-08 09:41
INFO:root:User andre Conected
INFO:root:listing files
INFO:root:ivalid Command
INFO:root:Server Online - 2013-09-08 09:41
INFO:root:User andre Conected
INFO:root:listing files
INFO:root:ivalid Command
INFO:root:Server Online - 2013-09-08 09:41
INFO:root:User andre Conected
INFO:root:listing files
INFO:root:ivalid Command
INFO:root:Server Online - 2013-09-08 09:41
INFO:root:User andre Conected
INFO:root:listing files
INFO:root:ivalid Command
INFO:root:Server Online - 2013-09-08 09:41
INFO:root:User andre Conected
INFO:root:listing files
INFO:root:ivalid Command
INFO:root:Server Online - 2013-09-08 09:41
INFO:root:User andre Conected
INFO:root:listing files
INFO:root:ivalid Command
INFO:root:Server Online - 2013-09-08 11:09
INFO:root:User andre Conected
INFO:root:listing files
INFO:root:opened file: Back In Black
INFO:root:playing a song
INFO:root:Server Online - 2013-09-08 11:09
INFO:root:User andre Conected
INFO:root:listing files
INFO:root:opened file: Back In Black
INFO:root:playing a song
INFO:root:end playing a song
INFO:root:ivalid Command
INFO:root:Server Online - 2013-09-08 11:10
INFO:root:User andre Conected
INFO:root:listing files
INFO:root:opened file: Back In Black
INFO:root:playing a song
INFO:root:Server Online - 2013-09-08 11:14
INFO:root:User andre Conected
INFO:root:listing files
INFO:root:opened file: Back In Black
INFO:root:playing a song
INFO:root:Server Online - 2013-09-08 11:15
INFO:root:User andre Conected
INFO:root:listing files
INFO:root:opened file: Back In Black
INFO:root:playing a song
INFO:root:Server Online - 2013-09-08 11:15
INFO:root:User andre Conected
INFO:root:listing files
INFO:root:opened file: Back In Black
INFO:root:playing a song
INFO:root:Server Online - 2013-09-08 11:16
INFO:root:User andre Conected
INFO:root:listing files
INFO:root:opened file: Back In Black
INFO:root:playing a song
INFO:root:end playing a song
INFO:root:ivalid Command
INFO:root:Server Online - 2013-09-08 11:31
INFO:root:User andre Conected
INFO:root:listing files
INFO:root:opened file: Back In Black
INFO:root:playing a song
INFO:root:Server Online - 2013-09-08 11:31
INFO:root:User andre Conected
INFO:root:listing files
INFO:root:opened file: Back In Black
INFO:root:playing a song
INFO:root:Server Online - 2013-09-08 11:31
INFO:root:User andre Conected
INFO:root:listing files
INFO:root:opened file: Back In Black
INFO:root:playing a song
INFO:root:Server Online - 2013-09-08 11:33
INFO:root:User andre Conected
INFO:root:listing files
INFO:root:opened file: Back In Black
INFO:root:playing a song
INFO:root:Server Online - 2013-09-08 11:34
INFO:root:User andre Conected
INFO:root:listing files
INFO:root:opened file: Back In Black
INFO:root:playing a song
INFO:root:end playing a song
INFO:root:ivalid Command
INFO:root:Server Online - 2013-09-08 11:36
INFO:root:User andre Conected
INFO:root:listing files
INFO:root:opened file: Back In Black
INFO:root:playing a song
INFO:root:end playing a song
INFO:root:ivalid Command
INFO:root:Server Online - 2013-09-08 11:41
INFO:root:User andre Conected
INFO:root:listing files
INFO:root:opened file: Back In Black
INFO:root:playing a song
INFO:root:end playing a song
INFO:root:ivalid Command
INFO:root:Server Online - 2013-09-08 11:42
INFO:root:User andre Conected
INFO:root:listing files
INFO:root:opened file: Back In Black
INFO:root:playing a song
INFO:root:end playing a song
INFO:root:ivalid Command
INFO:root:Server Online - 2013-09-08 11:43
INFO:root:User andre Conected
INFO:root:listing files
INFO:root:opened file: Back In Black
INFO:root:playing a song
INFO:root:end playing a song
INFO:root:ivalid Command
INFO:root:Server Online - 2013-09-08 11:44
INFO:root:User andre Conected
INFO:root:listing files
INFO:root:opened file: Back In Black
INFO:root:playing a song
INFO:root:end playing a song
INFO:root:ivalid Command
INFO:root:Server Online - 2013-09-08 11:46
INFO:root:User andre Conected
INFO:root:listing files
INFO:root:opened file: Back In Black
INFO:root:playing a song
INFO:root:end playing a song
INFO:root:ivalid Command
INFO:root:Server Online - 2013-09-08 11:48
INFO:root:User andre Conected
INFO:root:listing files
INFO:root:opened file: Back In Black
INFO:root:playing a song
INFO:root:end playing a song
INFO:root:ivalid Command
INFO:root:Server Online - 2013-09-08 11:50
INFO:root:User andre Conected
INFO:root:listing files
INFO:root:opened file: Back In Black
INFO:root:playing a song
INFO:root:Server Online - 2013-09-08 11:51
INFO:root:User andre Conected
INFO:root:listing files
INFO:root:opened file: Back In Black
INFO:root:streaming a song
INFO:root:streaming end
INFO:root:ivalid Command
INFO:root:Server Online - 2013-09-08 11:55
INFO:root:User andre Conected
INFO:root:listing files
INFO:root:opened file: Back In Black
INFO:root:streaming a song
INFO:root:Server Online - 2013-09-08 11:56
INFO:root:User andre Conected
INFO:root:listing files
INFO:root:opened file: Back In Black
INFO:root:streaming a song
INFO:root:Server Online - 2013-09-08 11:56
INFO:root:User andre Conected
INFO:root:listing files
INFO:root:opened file: Back In Black
INFO:root:streaming a song
INFO:root:streaming end
INFO:root:ivalid Command
INFO:root:Server Online - 2013-09-08 11:57
INFO:root:User andre Conected
INFO:root:listing files
INFO:root:opened file: Back In Black
INFO:root:streaming a song
INFO:root:streaming end
INFO:root:ivalid Command
INFO:root:Server Online - 2013-09-08 11:57
INFO:root:User andre Conected
INFO:root:listing files
INFO:root:opened file: Back In Black
INFO:root:streaming a song
INFO:root:streaming end
INFO:root:ivalid Command
INFO:root:Server Online - 2013-09-08 11:57
INFO:root:User andre Conected
INFO:root:listing files
INFO:root:opened file: Back In Black
INFO:root:streaming a song
INFO:root:Server Online - 2013-09-08 11:57
INFO:root:User andre Conected
INFO:root:listing files
INFO:root:opened file: Back In Black
INFO:root:streaming a song
INFO:root:Server Online - 2013-09-08 11:58
INFO:root:User andre Conected
INFO:root:listing files
INFO:root:opened file: Back In Black
INFO:root:streaming a song
INFO:root:streaming end
INFO:root:ivalid Command
INFO:root:ivalid Command
INFO:root:ivalid Command
INFO:root:ivalid Command
INFO:root:ivalid Command
INFO:root:ivalid Command
INFO:root:ivalid Command
INFO:root:ivalid Command
INFO:root:ivalid Command
INFO:root:ivalid Command
INFO:root:ivalid Command
INFO:root:ivalid Command
INFO:root:ivalid Command
INFO:root:ivalid Command
INFO:root:ivalid Command
INFO:root:ivalid Command
INFO:root:listing files
INFO:root:listing files
INFO:root:ivalid Command
INFO:root:listing files
INFO:root:listing files
INFO:root:ivalid Command
INFO:root:listing files
INFO:root:listing files
INFO:root:ivalid Command
INFO:root:listing files
INFO:root:listing files
INFO:root:ivalid Command
INFO:root:listing files
INFO:root:listing files
INFO:root:ivalid Command
INFO:root:listing files
INFO:root:listing files
INFO:root:ivalid Command
INFO:root:listing files
INFO:root:listing files
INFO:root:ivalid Command
INFO:root:listing files
INFO:root:listing files
INFO:root:ivalid Command
INFO:root:listing files
INFO:root:ivalid Command
INFO:root:listing files
INFO:root:listing files
INFO:root:ivalid Command
INFO:root:listing files
INFO:root:listing files
INFO:root:ivalid Command
INFO:root:listing files
INFO:root:ivalid Command
INFO:root:ivalid Command
INFO:root:listing files
INFO:root:listing files
INFO:root:ivalid Command
INFO:root:listing files
INFO:root:listing files
INFO:root:ivalid Command
INFO:root:listing files
INFO:root:listing files
INFO:root:ivalid Command
INFO:root:listing files
INFO:root:listing files
INFO:root:ivalid Command
INFO:root:listing files
INFO:root:listing files
INFO:root:ivalid Command
INFO:root:listing files
INFO:root:listing files
INFO:root:ivalid Command
INFO:root:listing files
INFO:root:listing files
INFO:root:ivalid Command
INFO:root:listing files
INFO:root:listing files
INFO:root:ivalid Command
INFO:root:listing files
INFO:root:ivalid Command
INFO:root:listing files
INFO:root:listing files
INFO:root:ivalid Command
INFO:root:listing files
INFO:root:listing files
INFO:root:ivalid Command
INFO:root:listing files
INFO:root:listing files
INFO:root:ivalid Command
INFO:root:listing files
INFO:root:ivalid Command
INFO:root:ivalid Command
INFO:root:listing files
INFO:root:listing files
INFO:root:ivalid Command
INFO:root:listing files
INFO:root:listing files
INFO:root:ivalid Command
INFO:root:listing files
INFO:root:listing files
INFO:root:ivalid Command
INFO:root:listing files
INFO:root:listing files
INFO:root:ivalid Command
INFO:root:listing files
INFO:root:listing files
INFO:root:ivalid Command
INFO:root:listing files
INFO:root:listing files
INFO:root:ivalid Command
INFO:root:listing files
INFO:root:ivalid Command
INFO:root:listing files
INFO:root:listing files
INFO:root:ivalid Command
INFO:root:listing files
INFO:root:listing files
INFO:root:ivalid Command
INFO:root:listing files
INFO:root:listing files
INFO:root:ivalid Command
INFO:root:listing files
INFO:root:listing files
INFO:root:ivalid Command
INFO:root:listing files
INFO:root:ivalid Command
INFO:root:ivalid Command
INFO:root:listing files
INFO:root:listing files
INFO:root:ivalid Command
INFO:root:listing files
INFO:root:listing files
INFO:root:ivalid Command
INFO:root:listing files
INFO:root:listing files
INFO:root:ivalid Command
INFO:root:listing files
INFO:root:listing files
INFO:root:ivalid Command
INFO:root:listing files
INFO:root:listing files
INFO:root:ivalid Command
INFO:root:listing files
INFO:root:listing files
INFO:root:ivalid Command
INFO:root:listing files
INFO:root:listing files
INFO:root:ivalid Command
INFO:root:listing files
INFO:root:listing files
INFO:root:ivalid Command
INFO:root:listing files
INFO:root:ivalid Command
INFO:root:listing files
INFO:root:ivalid Command
INFO:root:listing files
INFO:root:listing files
INFO:root:ivalid Command
INFO:root:listing files
INFO:root:listing files
INFO:root:ivalid Command
INFO:root:listing files
INFO:root:listing files
INFO:root:ivalid Command
INFO:root:listing files
INFO:root:listing files
INFO:root:ivalid Command
INFO:root:listing files
INFO:root:ivalid Command
INFO:root:listing files
INFO:root:listing files
INFO:root:ivalid Command
INFO:root:listing files
INFO:root:listing files
INFO:root:ivalid Command
INFO:root:listing files
INFO:root:listing files
INFO:root:ivalid Command
INFO:root:listing files
INFO:root:listing files
INFO:root:ivalid Command
INFO:root:listing files
INFO:root:listing files
INFO:root:ivalid Command
INFO:root:listing files
INFO:root:listing files
INFO:root:ivalid Command
INFO:root:listing files
INFO:root:listing files
INFO:root:ivalid Command
INFO:root:listing files
INFO:root:listing files
INFO:root:ivalid Command
INFO:root:listing files
INFO:root:listing files
INFO:root:ivalid Command
INFO:root:listing files
INFO:root:listing files
INFO:root:ivalid Command
INFO:root:listing files
INFO:root:listing files
INFO:root:ivalid Command
INFO:root:listing files
INFO:root:ivalid Command
INFO:root:ivalid Command
INFO:root:listing files
INFO:root:listing files
INFO:root:ivalid Command
INFO:root:listing files
INFO:root:listing files
INFO:root:ivalid Command
INFO:root:listing files
INFO:root:listing files
INFO:root:ivalid Command
INFO:root:listing files
INFO:root:listing files
INFO:root:ivalid Command
INFO:root:listing files
INFO:root:listing files
INFO:root:ivalid Command
INFO:root:listing files
INFO:root:listing files
INFO:root:ivalid Command
INFO:root:listing files
INFO:root:listing files
INFO:root:ivalid Command
INFO:root:listing files
INFO:root:listing files
INFO:root:ivalid Command
INFO:root:listing files
INFO:root:ivalid Command
INFO:root:listing files
INFO:root:listing files
INFO:root:ivalid Command
INFO:root:listing files
INFO:root:listing files
INFO:root:ivalid Command
INFO:root:listing files
INFO:root:listing files
INFO:root:ivalid Command
INFO:root:listing files
INFO:root:ivalid Command
INFO:root:listing files
INFO:root:listing files
INFO:root:ivalid Command
INFO:root:listing files
INFO:root:listing files
INFO:root:ivalid Command
INFO:root:listing files
INFO:root:listing files
INFO:root:ivalid Command
INFO:root:listing files
INFO:root:listing files
INFO:root:ivalid Command
INFO:root:listing files
INFO:root:ivalid Command
INFO:root:listing files
INFO:root:listing files
INFO:root:listing files
INFO:root:ivalid Command
INFO:root:listing files
INFO:root:ivalid Command
INFO:root:listing files
INFO:root:listing files
INFO:root:ivalid Command
INFO:root:listing files
INFO:root:listing files
INFO:root:ivalid Command
INFO:root:listing files
INFO:root:listing files
INFO:root:ivalid Command
INFO:root:listing files
INFO:root:listing files
INFO:root:ivalid Command
INFO:root:listing files
INFO:root:ivalid Command
INFO:root:ivalid Command
INFO:root:listing files
INFO:root:listing files
INFO:root:ivalid Command
INFO:root:listing files
INFO:root:listing files
INFO:root:ivalid Command
INFO:root:listing files
INFO:root:listing files
INFO:root:ivalid Command
INFO:root:listing files
INFO:root:listing files
INFO:root:ivalid Command
INFO:root:listing files
INFO:root:listing files
INFO:root:ivalid Command
INFO:root:listing files
INFO:root:listing files
INFO:root:ivalid Command
INFO:root:listing files
INFO:root:ivalid Command
INFO:root:listing files
INFO:root:listing files
INFO:root:ivalid Command
INFO:root:listing files
INFO:root:listing files
INFO:root:ivalid Command
INFO:root:listing files
INFO:root:listing files
INFO:root:ivalid Command
INFO:root:listing files
INFO:root:listing files
INFO:root:ivalid Command
INFO:root:listing files
INFO:root:listing files
INFO:root:ivalid Command
INFO:root:listing files
INFO:root:ivalid Command
INFO:root:listing files
INFO:root:listing files
INFO:root:ivalid Command
INFO:root:listing files
INFO:root:listing files
INFO:root:ivalid Command
INFO:root:listing files
INFO:root:listing files
INFO:root:ivalid Command
INFO:root:listing files
INFO:root:listing files
INFO:root:ivalid Command
INFO:root:listing files
INFO:root:listing files
INFO:root:ivalid Command
INFO:root:listing files
INFO:root:ivalid Command
INFO:root:listing files
INFO:root:listing files
INFO:root:ivalid Command
INFO:root:listing files
INFO:root:listing files
INFO:root:ivalid Command
INFO:root:listing files
INFO:root:ivalid Command
INFO:root:listing files
INFO:root:listing files
INFO:root:ivalid Command
INFO:root:listing files
INFO:root:listing files
INFO:root:ivalid Command
INFO:root:listing files
INFO:root:listing files
INFO:root:ivalid Command
INFO:root:listing files
INFO:root:listing files
INFO:root:ivalid Command
INFO:root:listing files
INFO:root:listing files
INFO:root:ivalid Command
INFO:root:listing files
INFO:root:listing files
INFO:root:ivalid Command
INFO:root:listing files
INFO:root:listing files
INFO:root:ivalid Command
INFO:root:listing files
INFO:root:listing files
INFO:root:ivalid Command
INFO:root:listing files
INFO:root:listing files
INFO:root:ivalid Command
INFO:root:listing files
INFO:root:listing files
INFO:root:ivalid Command
INFO:root:listing files
INFO:root:listing files
INFO:root:ivalid Command
INFO:root:listing files
INFO:root:listing files
INFO:root:ivalid Command
INFO:root:listing files
INFO:root:listing files
INFO:root:ivalid Command
INFO:root:listing files
INFO:root:listing files
INFO:root:ivalid Command
INFO:root:listing files
INFO:root:ivalid Command
INFO:root:listing files
INFO:root:listing files
INFO:root:ivalid Command
INFO:root:listing files
INFO:root:ivalid Command
INFO:root:listing files
INFO:root:ivalid Command
INFO:root:listing files
INFO:root:listing files
INFO:root:ivalid Command
INFO:root:listing files
INFO:root:listing files
INFO:root:ivalid Command
INFO:root:listing files
INFO:root:listing files
INFO:root:ivalid Command
INFO:root:listing files
INFO:root:listing files
INFO:root:ivalid Command
INFO:root:listing files
INFO:root:listing files
INFO:root:ivalid Command
INFO:root:listing files
INFO:root:listing files
INFO:root:ivalid Command
INFO:root:listing files
INFO:root:listing files
INFO:root:ivalid Command
INFO:root:listing files
INFO:root:listing files
INFO:root:ivalid Command
INFO:root:listing files
INFO:root:ivalid Command
INFO:root:listing files
INFO:root:listing files
INFO:root:ivalid Command
INFO:root:listing files
INFO:root:listing files
INFO:root:ivalid Command
INFO:root:listing files
INFO:root:ivalid Command
INFO:root:ivalid Command
INFO:root:listing files
INFO:root:listing files
INFO:root:ivalid Command
INFO:root:listing files
INFO:root:listing files
INFO:root:ivalid Command
INFO:root:listing files
INFO:root:listing files
INFO:root:ivalid Command
INFO:root:listing files
INFO:root:listing files
INFO:root:ivalid Command
INFO:root:listing files
INFO:root:listing files
INFO:root:ivalid Command
INFO:root:listing files
INFO:root:listing files
INFO:root:ivalid Command
INFO:root:listing files
INFO:root:ivalid Command
INFO:root:listing files
INFO:root:listing files
INFO:root:ivalid Command
INFO:root:listing files
INFO:root:listing files
INFO:root:ivalid Command
INFO:root:listing files
INFO:root:listing files
INFO:root:ivalid Command
INFO:root:listing files
INFO:root:listing files
INFO:root:ivalid Command
INFO:root:listing files
INFO:root:ivalid Command
INFO:root:ivalid Command
INFO:root:listing files
INFO:root:listing files
INFO:root:ivalid Command
INFO:root:listing files
INFO:root:listing files
INFO:root:ivalid Command
INFO:root:listing files
INFO:root:listing files
INFO:root:ivalid Command
INFO:root:listing files
INFO:root:listing files
INFO:root:ivalid Command
INFO:root:listing files
INFO:root:listing files
INFO:root:ivalid Command
INFO:root:listing files
INFO:root:listing files
INFO:root:ivalid Command
INFO:root:listing files
INFO:root:ivalid Command
INFO:root:listing files
INFO:root:listing files
INFO:root:ivalid Command
INFO:root:listing files
INFO:root:ivalid Command
INFO:root:listing files
INFO:root:ivalid Command
INFO:root:listing files
INFO:root:ivalid Command
INFO:root:listing files
INFO:root:listing files
INFO:root:ivalid Command
INFO:root:ivalid Command
INFO:root:ivalid Command
INFO:root:listing files
INFO:root:listing files
INFO:root:ivalid Command
INFO:root:listing files
INFO:root:listing files
INFO:root:ivalid Command
INFO:root:listing files
INFO:root:ivalid Command
INFO:root:listing files
INFO:root:listing files
INFO:root:ivalid Command
INFO:root:listing files
INFO:root:listing files
INFO:root:ivalid Command
INFO:root:listing files
INFO:root:listing files
INFO:root:ivalid Command
INFO:root:listing files
INFO:root:listing files
INFO:root:ivalid Command
INFO:root:listing files
INFO:root:listing files
INFO:root:ivalid Command
INFO:root:listing files
INFO:root:ivalid Command
INFO:root:listing files
INFO:root:listing files
INFO:root:ivalid Command
INFO:root:listing files
INFO:root:listing files
INFO:root:ivalid Command
INFO:root:listing files
INFO:root:listing files
INFO:root:ivalid Command
INFO:root:listing files
INFO:root:listing files
INFO:root:ivalid Command
INFO:root:listing files
INFO:root:listing files
INFO:root:ivalid Command
INFO:root:listing files
INFO:root:listing files
INFO:root:ivalid Command
INFO:root:listing files
INFO:root:listing files
INFO:root:ivalid Command
INFO:root:listing files
INFO:root:listing files
INFO:root:ivalid Command
INFO:root:listing files
INFO:root:listing files
INFO:root:ivalid Command
INFO:root:listing files
INFO:root:listing files
INFO:root:ivalid Command
INFO:root:listing files
INFO:root:listing files
INFO:root:ivalid Command
INFO:root:listing files
INFO:root:listing files
INFO:root:ivalid Command
INFO:root:listing files
INFO:root:listing files
INFO:root:ivalid Command
INFO:root:listing files
INFO:root:listing files
INFO:root:ivalid Command
INFO:root:listing files
INFO:root:listing files
INFO:root:ivalid Command
INFO:root:listing files
INFO:root:listing files
INFO:root:ivalid Command
INFO:root:listing files
INFO:root:listing files
INFO:root:ivalid Command
INFO:root:listing files
INFO:root:listing files
INFO:root:ivalid Command
INFO:root:listing files
INFO:root:listing files
INFO:root:ivalid Command
INFO:root:listing files
INFO:root:listing files
INFO:root:ivalid Command
INFO:root:listing files
INFO:root:listing files
INFO:root:ivalid Command
INFO:root:listing files
INFO:root:listing files
INFO:root:ivalid Command
INFO:root:listing files
INFO:root:listing files
INFO:root:ivalid Command
INFO:root:listing files
INFO:root:listing files
INFO:root:ivalid Command
INFO:root:listing files
INFO:root:listing files
INFO:root:ivalid Command
INFO:root:listing files
INFO:root:listing files
INFO:root:ivalid Command
INFO:root:listing files
INFO:root:ivalid Command
INFO:root:listing files
INFO:root:listing files
INFO:root:ivalid Command
INFO:root:listing files
INFO:root:listing files
INFO:root:ivalid Command
INFO:root:listing files
INFO:root:ivalid Command
INFO:root:ivalid Command
INFO:root:listing files
INFO:root:listing files
INFO:root:ivalid Command
INFO:root:listing files
INFO:root:listing files
INFO:root:ivalid Command
INFO:root:listing files
INFO:root:listing files
INFO:root:ivalid Command
INFO:root:listing files
INFO:root:ivalid Command
INFO:root:listing files
INFO:root:ivalid Command
INFO:root:listing files
INFO:root:listing files
INFO:root:ivalid Command
INFO:root:listing files
INFO:root:listing files
INFO:root:ivalid Command
INFO:root:listing files
INFO:root:listing files
INFO:root:ivalid Command
INFO:root:listing files
INFO:root:ivalid Command
INFO:root:listing files
INFO:root:listing files
INFO:root:ivalid Command
INFO:root:listing files
INFO:root:listing files
INFO:root:ivalid Command
INFO:root:listing files
INFO:root:ivalid Command
INFO:root:ivalid Command
INFO:root:listing files
INFO:root:listing files
INFO:root:ivalid Command
INFO:root:listing files
INFO:root:listing files
INFO:root:ivalid Command
INFO:root:listing files
INFO:root:listing files
INFO:root:ivalid Command
INFO:root:listing files
INFO:root:listing files
INFO:root:ivalid Command
INFO:root:listing files
INFO:root:listing files
INFO:root:ivalid Command
INFO:root:listing files
INFO:root:listing files
INFO:root:ivalid Command
INFO:root:listing files
INFO:root:listing files
INFO:root:ivalid Command
INFO:root:listing files
INFO:root:listing files
INFO:root:ivalid Command
INFO:root:listing files
INFO:root:ivalid Command
INFO:root:listing files
INFO:root:listing files
INFO:root:ivalid Command
INFO:root:listing files
INFO:root:listing files
INFO:root:ivalid Command
INFO:root:listing files
INFO:root:listing files
INFO:root:ivalid Command
INFO:root:listing files
INFO:root:ivalid Command
INFO:root:listing files
INFO:root:listing files
INFO:root:ivalid Command
INFO:root:listing files
INFO:root:listing files
INFO:root:ivalid Command
INFO:root:listing files
INFO:root:listing files
INFO:root:ivalid Command
INFO:root:listing files
INFO:root:listing files
INFO:root:ivalid Command
INFO:root:listing files
INFO:root:listing files
INFO:root:ivalid Command
INFO:root:listing files
INFO:root:listing files
INFO:root:ivalid Command
INFO:root:listing files
INFO:root:listing files
INFO:root:ivalid Command
INFO:root:listing files
INFO:root:listing files
INFO:root:ivalid Command
INFO:root:listing files
INFO:root:ivalid Command
INFO:root:listing files
INFO:root:listing files
INFO:root:ivalid Command
INFO:root:listing files
INFO:root:listing files
INFO:root:ivalid Command
INFO:root:listing files
INFO:root:listing files
INFO:root:ivalid Command
INFO:root:listing files
INFO:root:listing files
INFO:root:ivalid Command
INFO:root:listing files
INFO:root:listing files
INFO:root:ivalid Command
INFO:root:listing files
INFO:root:listing files
INFO:root:ivalid Command
INFO:root:listing files
INFO:root:ivalid Command
INFO:root:listing files
INFO:root:listing files
INFO:root:ivalid Command
INFO:root:listing files
INFO:root:listing files
INFO:root:ivalid Command
INFO:root:listing files
INFO:root:listing files
INFO:root:ivalid Command
INFO:root:listing files
INFO:root:ivalid Command
INFO:root:listing files
INFO:root:ivalid Command
INFO:root:listing files
INFO:root:listing files
INFO:root:ivalid Command
INFO:root:listing files
INFO:root:listing files
INFO:root:ivalid Command
INFO:root:listing files
INFO:root:listing files
INFO:root:ivalid Command
INFO:root:listing files
INFO:root:listing files
INFO:root:ivalid Command
INFO:root:listing files
INFO:root:listing files
INFO:root:ivalid Command
INFO:root:listing files
INFO:root:listing files
INFO:root:ivalid Command
INFO:root:listing files
INFO:root:listing files
INFO:root:ivalid Command
INFO:root:listing files
INFO:root:listing files
INFO:root:ivalid Command
INFO:root:listing files
INFO:root:listing files
INFO:root:ivalid Command
INFO:root:listing files
INFO:root:listing files
INFO:root:ivalid Command
INFO:root:listing files
INFO:root:listing files
INFO:root:ivalid Command
INFO:root:listing files
INFO:root:listing files
INFO:root:ivalid Command
INFO:root:listing files
INFO:root:ivalid Command
INFO:root:listing files
INFO:root:listing files
INFO:root:ivalid Command
INFO:root:listing files
INFO:root:listing files
INFO:root:ivalid Command
INFO:root:listing files
INFO:root:listing files
INFO:root:ivalid Command
INFO:root:listing files
INFO:root:listing files
INFO:root:ivalid Command
INFO:root:listing files
INFO:root:ivalid Command
INFO:root:ivalid Command
INFO:root:listing files
INFO:root:listing files
INFO:root:ivalid Command
INFO:root:listing files
INFO:root:listing files
INFO:root:ivalid Command
INFO:root:listing files
INFO:root:listing files
INFO:root:ivalid Command
INFO:root:listing files
INFO:root:listing files
INFO:root:ivalid Command
INFO:root:listing files
INFO:root:listing files
INFO:root:ivalid Command
INFO:root:listing files
INFO:root:listing files
INFO:root:ivalid Command
INFO:root:listing files
INFO:root:ivalid Command
INFO:root:listing files
INFO:root:listing files
INFO:root:ivalid Command
INFO:root:listing files
INFO:root:listing files
INFO:root:ivalid Command
INFO:root:listing files
INFO:root:listing files
INFO:root:ivalid Command
INFO:root:listing files
INFO:root:ivalid Command
INFO:root:listing files
INFO:root:ivalid Command
INFO:root:ivalid Command
INFO:root:listing files
INFO:root:listing files
INFO:root:ivalid Command
INFO:root:listing files
INFO:root:listing files
INFO:root:ivalid Command
INFO:root:listing files
INFO:root:listing files
INFO:root:ivalid Command
INFO:root:listing files
INFO:root:listing files
INFO:root:ivalid Command
INFO:root:listing files
INFO:root:listing files
INFO:root:ivalid Command
INFO:root:listing files
INFO:root:listing files
INFO:root:ivalid Command
INFO:root:listing files
INFO:root:ivalid Command
INFO:root:listing files
INFO:root:listing files
INFO:root:ivalid Command
INFO:root:listing files
INFO:root:listing files
INFO:root:ivalid Command
INFO:root:listing files
INFO:root:listing files
INFO:root:ivalid Command
INFO:root:listing files
INFO:root:listing files
INFO:root:ivalid Command
INFO:root:listing files
INFO:root:listing files
INFO:root:ivalid Command
INFO:root:listing files
INFO:root:listing files
INFO:root:ivalid Command
INFO:root:listing files
INFO:root:listing files
INFO:root:ivalid Command
INFO:root:listing files
INFO:root:listing files
INFO:root:ivalid Command
INFO:root:listing files
INFO:root:listing files
INFO:root:ivalid Command
INFO:root:listing files
INFO:root:ivalid Command
INFO:root:listing files
INFO:root:listing files
INFO:root:listing files
INFO:root:ivalid Command
INFO:root:listing files
INFO:root:listing files
INFO:root:ivalid Command
INFO:root:listing files
INFO:root:ivalid Command
INFO:root:listing files
INFO:root:listing files
INFO:root:ivalid Command
INFO:root:listing files
INFO:root:listing files
INFO:root:ivalid Command
INFO:root:listing files
INFO:root:listing files
INFO:root:ivalid Command
INFO:root:listing files
INFO:root:listing files
INFO:root:ivalid Command
INFO:root:listing files
INFO:root:listing files
INFO:root:ivalid Command
INFO:root:listing files
INFO:root:listing files
INFO:root:ivalid Command
INFO:root:listing files
INFO:root:listing files
INFO:root:ivalid Command
INFO:root:listing files
INFO:root:listing files
INFO:root:ivalid Command
INFO:root:listing files
INFO:root:listing files
INFO:root:ivalid Command
INFO:root:listing files
INFO:root:listing files
INFO:root:ivalid Command
INFO:root:listing files
INFO:root:listing files
INFO:root:ivalid Command
INFO:root:listing files
INFO:root:listing files
INFO:root:ivalid Command
INFO:root:listing files
INFO:root:listing files
INFO:root:ivalid Command
INFO:root:listing files
INFO:root:listing files
INFO:root:ivalid Command
INFO:root:listing files
INFO:root:listing files
INFO:root:ivalid Command
INFO:root:listing files
INFO:root:listing files
INFO:root:ivalid Command
INFO:root:listing files
INFO:root:listing files
INFO:root:ivalid Command
INFO:root:listing files
INFO:root:listing files
INFO:root:ivalid Command
INFO:root:listing files
INFO:root:listing files
INFO:root:ivalid Command
INFO:root:listing files
INFO:root:ivalid Command
INFO:root:ivalid Command
INFO:root:listing files
INFO:root:listing files
INFO:root:ivalid Command
INFO:root:listing files
INFO:root:listing files
INFO:root:ivalid Command
INFO:root:listing files
INFO:root:listing files
INFO:root:ivalid Command
INFO:root:listing files
INFO:root:listing files
INFO:root:ivalid Command
INFO:root:listing files
INFO:root:listing files
INFO:root:ivalid Command
INFO:root:listing files
INFO:root:listing files
INFO:root:ivalid Command
INFO:root:listing files
INFO:root:listing files
INFO:root:ivalid Command
INFO:root:listing files
INFO:root:listing files
INFO:root:ivalid Command
INFO:root:listing files
INFO:root:ivalid Command
INFO:root:listing files
INFO:root:listing files
INFO:root:ivalid Command
INFO:root:listing files
INFO:root:listing files
INFO:root:ivalid Command
INFO:root:listing files
INFO:root:ivalid Command
INFO:root:listing files
INFO:root:ivalid Command
INFO:root:listing files
INFO:root:ivalid Command
INFO:root:listing files
INFO:root:ivalid Command
INFO:root:listing files
INFO:root:ivalid Command
INFO:root:listing files
INFO:root:ivalid Command
INFO:root:listing files
INFO:root:ivalid Command
INFO:root:listing files
INFO:root:ivalid Command
INFO:root:listing files
INFO:root:listing files
INFO:root:listing files
INFO:root:ivalid Command
INFO:root:listing files
INFO:root:ivalid Command
INFO:root:listing files
INFO:root:ivalid Command
INFO:root:listing files
INFO:root:ivalid Command
INFO:root:listing files
INFO:root:ivalid Command
INFO:root:listing files
INFO:root:ivalid Command
INFO:root:listing files
INFO:root:ivalid Command
INFO:root:listing files
INFO:root:ivalid Command
INFO:root:listing files
INFO:root:ivalid Command
INFO:root:listing files
INFO:root:ivalid Command
INFO:root:listing files
INFO:root:ivalid Command
INFO:root:listing files
INFO:root:ivalid Command
INFO:root:listing files
INFO:root:listing files
INFO:root:listing files
INFO:root:ivalid Command
INFO:root:listing files
INFO:root:ivalid Command
INFO:root:listing files
INFO:root:ivalid Command
INFO:root:listing files
INFO:root:ivalid Command
INFO:root:listing files
INFO:root:ivalid Command
INFO:root:listing files
INFO:root:ivalid Command
INFO:root:listing files
INFO:root:ivalid Command
INFO:root:listing files
INFO:root:ivalid Command
INFO:root:listing files
INFO:root:ivalid Command
INFO:root:listing files
INFO:root:ivalid Command
INFO:root:listing files
INFO:root:ivalid Command
INFO:root:listing files
INFO:root:ivalid Command
INFO:root:listing files
INFO:root:ivalid Command
INFO:root:listing files
INFO:root:ivalid Command
INFO:root:listing files
INFO:root:ivalid Command
INFO:root:listing files
INFO:root:ivalid Command
INFO:root:listing files
INFO:root:ivalid Command
INFO:root:listing files
INFO:root:ivalid Command
INFO:root:listing files
INFO:root:ivalid Command
INFO:root:listing files
INFO:root:ivalid Command
INFO:root:listing files
INFO:root:ivalid Command
INFO:root:listing files
INFO:root:ivalid Command
INFO:root:listing files
INFO:root:ivalid Command
INFO:root:listing files
INFO:root:ivalid Command
INFO:root:listing files
INFO:root:ivalid Command
INFO:root:listing files
INFO:root:ivalid Command
INFO:root:listing files
INFO:root:ivalid Command
INFO:root:listing files
INFO:root:listing files
INFO:root:listing files
INFO:root:listing files
INFO:root:listing files
INFO:root:listing files
INFO:root:listing files
INFO:root:listing files
INFO:root:listing files
INFO:root:listing files
INFO:root:listing files
INFO:root:listing files
INFO:root:listing files
INFO:root:listing files
INFO:root:listing files
INFO:root:listing files
INFO:root:listing files
INFO:root:listing files
INFO:root:listing files
INFO:root:listing files
INFO:root:listing files
INFO:root:listing files
INFO:root:listing files
INFO:root:listing files
INFO:root:listing files
INFO:root:listing files
INFO:root:listing files
INFO:root:listing files
INFO:root:listing files
INFO:root:listing files
INFO:root:listing files
INFO:root:listing files
INFO:root:listing files
INFO:root:listing files
INFO:root:listing files
INFO:root:listing files
INFO:root:listing files
INFO:root:listing files
INFO:root:listing files
INFO:root:listing files
INFO:root:listing files
INFO:root:listing files
INFO:root:listing files
INFO:root:listing files
INFO:root:listing files
INFO:root:listing files
INFO:root:listing files
INFO:root:listing files
INFO:root:listing files
INFO:root:listing files
INFO:root:listing files
INFO:root:listing files
INFO:root:listing files
INFO:root:listing files
INFO:root:listing files
INFO:root:listing files
INFO:root:listing files
INFO:root:listing files
INFO:root:listing files
INFO:root:listing files
INFO:root:listing files
INFO:root:listing files
INFO:root:listing files
INFO:root:listing files
INFO:root:listing files
INFO:root:listing files
INFO:root:listing files
INFO:root:listing files
INFO:root:listing files
INFO:root:listing files
INFO:root:listing files
INFO:root:listing files
INFO:root:listing files
INFO:root:listing files
INFO:root:listing files
INFO:root:listing files
INFO:root:listing files
INFO:root:listing files
INFO:root:listing files
INFO:root:listing files
INFO:root:listing files
INFO:root:listing files
INFO:root:listing files
INFO:root:listing files
INFO:root:listing files
INFO:root:listing files
INFO:root:listing files
INFO:root:listing files
INFO:root:listing files
INFO:root:listing files
INFO:root:listing files
INFO:root:listing files
INFO:root:listing files
INFO:root:listing files
INFO:root:listing files
INFO:root:listing files
INFO:root:listing files
INFO:root:listing files
INFO:root:listing files
INFO:root:listing files
INFO:root:listing files
INFO:root:listing files
INFO:root:listing files
INFO:root:listing files
INFO:root:listing files
INFO:root:listing files
INFO:root:listing files
INFO:root:listing files
INFO:root:listing files
INFO:root:listing files
INFO:root:listing files
INFO:root:listing files
INFO:root:listing files
INFO:root:listing files
INFO:root:listing files
INFO:root:listing files
INFO:root:listing files
INFO:root:listing files
INFO:root:listing files
INFO:root:listing files
INFO:root:listing files
INFO:root:listing files
INFO:root:listing files
INFO:root:listing files
INFO:root:listing files
INFO:root:listing files
INFO:root:listing files
INFO:root:listing files
INFO:root:listing files
INFO:root:listing files
INFO:root:listing files
INFO:root:listing files
INFO:root:listing files
INFO:root:listing files
INFO:root:listing files
INFO:root:listing files
INFO:root:listing files
INFO:root:listing files
INFO:root:listing files
INFO:root:listing files
INFO:root:listing files
INFO:root:listing files
INFO:root:listing files
INFO:root:listing files
INFO:root:listing files
INFO:root:listing files
INFO:root:listing files
INFO:root:listing files
INFO:root:listing files
INFO:root:listing files
INFO:root:listing files
INFO:root:listing files
INFO:root:listing files
INFO:root:listing files
INFO:root:listing files
INFO:root:listing files
INFO:root:listing files
INFO:root:listing files
INFO:root:listing files
INFO:root:listing files
INFO:root:listing files
INFO:root:listing files
INFO:root:listing files
INFO:root:listing files
INFO:root:listing files
INFO:root:listing files
INFO:root:listing files
INFO:root:listing files
INFO:root:listing files
INFO:root:listing files
INFO:root:listing files
INFO:root:listing files
INFO:root:listing files
INFO:root:listing files
INFO:root:listing files
INFO:root:listing files
INFO:root:listing files
INFO:root:listing files
INFO:root:listing files
INFO:root:listing files
INFO:root:listing files
INFO:root:listing files
INFO:root:listing files
INFO:root:listing files
INFO:root:listing files
INFO:root:listing files
INFO:root:listing files
INFO:root:listing files
INFO:root:listing files
INFO:root:listing files
INFO:root:listing files
INFO:root:listing files
INFO:root:listing files
INFO:root:listing files
INFO:root:listing files
INFO:root:listing files
INFO:root:listing files
INFO:root:listing files
INFO:root:listing files
INFO:root:listing files
INFO:root:listing files
INFO:root:listing files
INFO:root:listing files
INFO:root:listing files
INFO:root:listing files
INFO:root:listing files
INFO:root:listing files
INFO:root:listing files
INFO:root:listing files
INFO:root:listing files
INFO:root:listing files
INFO:root:listing files
INFO:root:listing files
INFO:root:listing files
INFO:root:listing files
INFO:root:listing files
INFO:root:listing files
INFO:root:listing files
INFO:root:listing files
INFO:root:listing files
INFO:root:listing files
INFO:root:listing files
INFO:root:listing files
INFO:root:listing files
INFO:root:listing files
INFO:root:listing files
INFO:root:listing files
INFO:root:listing files
INFO:root:listing files
INFO:root:listing files
INFO:root:listing files
INFO:root:listing files
INFO:root:listing files
INFO:root:listing files
INFO:root:listing files
INFO:root:listing files
INFO:root:listing files
INFO:root:listing files
INFO:root:listing files
INFO:root:listing files
INFO:root:listing files
INFO:root:listing files
INFO:root:listing files
INFO:root:listing files
INFO:root:listing files
INFO:root:listing files
INFO:root:listing files
INFO:root:listing files
INFO:root:listing files
INFO:root:listing files
INFO:root:listing files
INFO:root:listing files
INFO:root:listing files
INFO:root:listing files
INFO:root:listing files
INFO:root:listing files
INFO:root:listing files
INFO:root:listing files
INFO:root:listing files
INFO:root:listing files
INFO:root:listing files
INFO:root:listing files
INFO:root:listing files
INFO:root:listing files
INFO:root:listing files
INFO:root:listing files
INFO:root:listing files
INFO:root:listing files
INFO:root:listing files
INFO:root:listing files
INFO:root:listing files
INFO:root:listing files
INFO:root:listing files
INFO:root:listing files
INFO:root:listing files
INFO:root:listing files
INFO:root:listing files
INFO:root:listing files
INFO:root:listing files
INFO:root:listing files
INFO:root:listing files
INFO:root:listing files
INFO:root:listing files
INFO:root:listing files
INFO:root:listing files
INFO:root:listing files
INFO:root:listing files
INFO:root:listing files
INFO:root:listing files
INFO:root:listing files
INFO:root:listing files
INFO:root:listing files
INFO:root:listing files
INFO:root:listing files
INFO:root:listing files
INFO:root:listing files
INFO:root:listing files
INFO:root:listing files
INFO:root:listing files
INFO:root:listing files
INFO:root:listing files
INFO:root:listing files
INFO:root:listing files
INFO:root:listing files
INFO:root:listing files
INFO:root:listing files
INFO:root:listing files
INFO:root:listing files
INFO:root:listing files
INFO:root:listing files
INFO:root:listing files
INFO:root:listing files
INFO:root:listing files
INFO:root:listing files
INFO:root:listing files
INFO:root:listing files
INFO:root:listing files
INFO:root:listing files
INFO:root:listing files
INFO:root:listing files
INFO:root:listing files
INFO:root:listing files
INFO:root:listing files
INFO:root:listing files
INFO:root:listing files
INFO:root:listing files
INFO:root:listing files
INFO:root:listing files
INFO:root:listing files
INFO:root:listing files
INFO:root:listing files
INFO:root:listing files
INFO:root:listing files
INFO:root:listing files
INFO:root:listing files
INFO:root:listing files
INFO:root:listing files
INFO:root:listing files
INFO:root:listing files
INFO:root:listing files
INFO:root:listing files
INFO:root:listing files
INFO:root:listing files
INFO:root:listing files
INFO:root:listing files
INFO:root:Server Online - 2013-09-08 11:59
INFO:root:User andre Conected
INFO:root:listing files
INFO:root:opened file: Back In Black
INFO:root:streaming a song
INFO:root:streaming end
INFO:root:ivalid Command
INFO:root:Server Online - 2013-09-08 12:07
INFO:root:User andre Conected
INFO:root:listing files
INFO:root:opened file: Back In Black
INFO:root:streaming a song
INFO:root:Server Online - 2013-09-08 12:07
INFO:root:User andre Conected
INFO:root:listing files
INFO:root:opened file: Back In Black
INFO:root:streaming a song
INFO:root:Server Online - 2013-09-08 12:08
INFO:root:User andre Conected
INFO:root:listing files
INFO:root:opened file: Back In Black
INFO:root:streaming a song
INFO:root:Server Online - 2013-09-08 12:09
INFO:root:User andre Conected
INFO:root:listing files
INFO:root:opened file: Back In Black
INFO:root:streaming a song
INFO:root:Server Online - 2013-09-08 12:09
INFO:root:User andre Conected
INFO:root:listing files
INFO:root:opened file: Back In Black
INFO:root:streaming a song
INFO:root:streaming end
INFO:root:ivalid Command
INFO:root:Server Online - 2013-09-08 12:11
INFO:root:User andre Conected
INFO:root:listing files
INFO:root:opened file: Back In Black
INFO:root:streaming a song
INFO:root:streaming end
INFO:root:ivalid Command
INFO:root:Server Online - 2013-09-08 12:12
INFO:root:User andre Conected
INFO:root:listing files
INFO:root:opened file: Back In Black
INFO:root:streaming a song
INFO:root:Server Online - 2013-09-08 12:13
INFO:root:User andre Conected
INFO:root:listing files
INFO:root:song chosen: Back In Black
INFO:root:streaming a song
INFO:root:streaming end
INFO:root:ivalid Command
INFO:root:Server Online - 2013-09-08 12:14
INFO:root:User andre Conected
INFO:root:listing files
INFO:root:song chosen: Back In Black
INFO:root:streaming a song
INFO:root:streaming end
INFO:root:Server Online - 2013-09-08 12:18
INFO:root:User andre Conected
INFO:root:listing files
INFO:root:song chosen: Back In Black
INFO:root:streaming a song
INFO:root:streaming end
INFO:root:Server Online - 2013-09-08 12:22
INFO:root:User andre Conected
INFO:root:listing files
INFO:root:song chosen: Back In Black
INFO:root:streaming a song
INFO:root:Server Online - 2013-09-08 12:22
INFO:root:User andre Conected
INFO:root:listing files
INFO:root:song chosen: Back In Black
INFO:root:streaming a song
INFO:root:streaming end
INFO:root:Server Online - 2013-09-08 12:24
INFO:root:User andre Conected
INFO:root:listing files
INFO:root:song chosen: Back In Black
INFO:root:streaming a song
INFO:root:streaming end
INFO:root:ivalid Command
INFO:root:Server Online - 2013-09-08 12:26
INFO:root:User andre Conected
INFO:root:listing files
INFO:root:song chosen: Back In Black
INFO:root:streaming a song
INFO:root:Server Online - 2013-09-08 12:28
INFO:root:User andre Conected
INFO:root:listing files
INFO:root:song chosen: Back In Black
INFO:root:streaming a song
INFO:root:streaming end
INFO:root:ivalid Command
INFO:root:Server Online - 2013-09-08 12:29
INFO:root:User andre Conected
INFO:root:listing files
INFO:root:song chosen: Back In Black
INFO:root:streaming a song
INFO:root:streaming end
INFO:root:ivalid Command
INFO:root:Server Online - 2013-09-08 13:21
INFO:root:User andre Conected
INFO:root:listing files
INFO:root:song not found
INFO:root:ivalid Command
INFO:root:Server Online - 2013-09-08 13:23
INFO:root:User andre Conected
INFO:root:listing files
INFO:root:song not found
INFO:root:ivalid Command
INFO:root:Server Online - 2013-09-08 13:24
INFO:root:User andre Conected
INFO:root:listing files
INFO:root:buying a song
INFO:root:song bought
INFO:root:Server Online - 2013-09-08 13:31
INFO:root:User andre Conected
INFO:root:listing files
INFO:root:buying a song
INFO:root:song bought
